<?xml version="1.0" encoding="UTF-8"?>
<testng-results ignored="0" total="4" passed="4" failed="0" skipped="0">
  <reporter-output>
  </reporter-output>
  <suite started-at="2022-03-02T15:22:47 IST" name="Suite" finished-at="2022-03-02T15:23:14 IST" duration-ms="27468">
    <groups>
    </groups>
    <test started-at="2022-03-02T15:22:47 IST" name="Test" finished-at="2022-03-02T15:23:14 IST" duration-ms="27468">
      <class name="testCases.loginPage">
        <test-method signature="user_is_navigated_to_acme_website()[pri:0, instance:testCases.loginPage@5b12b668]" started-at="2022-03-02T15:22:47 IST" name="user_is_navigated_to_acme_website" finished-at="2022-03-02T15:23:00 IST" duration-ms="12957" status="PASS">
          <reporter-output>
          </reporter-output>
        </test-method> <!-- user_is_navigated_to_acme_website -->
        <test-method signature="user_enter_the_login_credentials()[pri:1, instance:testCases.loginPage@5b12b668]" started-at="2022-03-02T15:23:00 IST" name="user_enter_the_login_credentials" finished-at="2022-03-02T15:23:00 IST" duration-ms="313" status="PASS">
          <reporter-output>
          </reporter-output>
        </test-method> <!-- user_enter_the_login_credentials -->
        <test-method signature="user_clicks_on_the_login_button()[pri:2, instance:testCases.loginPage@5b12b668]" started-at="2022-03-02T15:23:00 IST" name="user_clicks_on_the_login_button" finished-at="2022-03-02T15:23:01 IST" duration-ms="1246" status="PASS">
          <reporter-output>
          </reporter-output>
        </test-method> <!-- user_clicks_on_the_login_button -->
        <test-method signature="user_is_navigated_to_homepage_of_acme_app()[pri:3, instance:testCases.loginPage@5b12b668]" started-at="2022-03-02T15:23:01 IST" name="user_is_navigated_to_homepage_of_acme_app" finished-at="2022-03-02T15:23:14 IST" duration-ms="12870" status="PASS">
          <reporter-output>
          </reporter-output>
        </test-method> <!-- user_is_navigated_to_homepage_of_acme_app -->
      </class> <!-- testCases.loginPage -->
    </test> <!-- Test -->
  </suite> <!-- Suite -->
</testng-results>
